<?xml version="1.0" encoding="UTF-8"?>
<!-- Generated by org.testng.reporters.JUnitReportReporter -->
<testsuite hostname="SAJambula1IN" failures="0" tests="1" name="test.java.ReportingPageTest" time="30.403" errors="0" timestamp="30 Aug 2019 10:27:39 GMT" skipped="0">
  <testcase classname="test.java.ReportingPageTest" name="advancedReporting_LM" time="30.403"/>
</testsuite> <!-- test.java.ReportingPageTest -->
